SF:lib/controllers/bindings/login_bindings.dart
DA:4,0
DA:6,0
DA:7,0
DA:8,0
DA:10,0
LF:5
LH:0
end_of_record
SF:lib/controllers/bindings/map_screen_bindings.dart
DA:4,0
DA:6,0
DA:7,0
DA:8,0
DA:10,0
DA:11,0
DA:12,0
LF:7
LH:0
end_of_record
SF:lib/controllers/bindings/planning_bindings.dart
DA:4,0
DA:6,0
DA:7,0
DA:8,0
LF:4
LH:0
end_of_record
SF:lib/controllers/login_controllers/firebase_login_controller.dart
DA:6,1
DA:8,1
DA:9,2
DA:12,1
DA:13,0
DA:14,0
DA:15,0
DA:18,3
DA:19,2
DA:20,2
DA:23,5
DA:26,1
DA:31,1
DA:33,1
DA:35,2
DA:37,2
DA:40,2
LF:17
LH:14
end_of_record
SF:lib/controllers/login_controllers/login_screen_controller.dart
DA:4,0
DA:5,0
DA:7,0
DA:15,1
DA:16,4
DA:19,1
DA:20,2
DA:23,1
DA:24,2
LF:9
LH:6
end_of_record
SF:lib/controllers/map_controllers/map_main_controller.dart
DA:6,1
DA:7,1
DA:8,5
DA:11,1
DA:12,2
DA:13,3
DA:14,3
DA:17,1
DA:18,5
DA:19,3
DA:21,3
DA:25,0
DA:26,0
DA:29,0
DA:30,0
DA:33,1
DA:34,3
DA:37,0
DA:38,0
DA:41,0
DA:43,0
DA:44,0
DA:46,0
LF:23
LH:13
end_of_record
SF:lib/controllers/map_controllers/markers_controller.dart
DA:6,1
DA:8,3
DA:9,2
DA:10,2
DA:11,1
DA:14,2
LF:6
LH:6
end_of_record
SF:lib/controllers/map_controllers/positioning_controller.dart
DA:17,1
DA:19,1
DA:44,1
DA:46,3
DA:47,0
DA:48,0
DA:49,0
DA:50,0
DA:51,0
DA:54,0
DA:55,0
DA:58,0
DA:59,0
DA:60,0
DA:66,0
DA:69,0
DA:70,0
DA:71,0
DA:76,1
DA:77,2
DA:80,0
DA:81,0
DA:82,0
DA:83,0
DA:87,0
DA:89,0
DA:90,0
LF:27
LH:6
end_of_record
SF:lib/controllers/map_controllers/routing_controller.dart
DA:13,1
DA:14,1
DA:15,2
DA:16,3
DA:17,0
DA:19,1
DA:20,4
DA:23,1
DA:24,1
DA:25,0
DA:26,0
DA:27,0
DA:31,0
DA:32,0
DA:33,0
DA:37,0
DA:39,0
DA:40,0
DA:41,0
DA:43,0
DA:50,0
DA:51,0
DA:52,0
DA:53,4
DA:57,0
DA:60,0
DA:61,0
DA:62,0
DA:63,0
DA:64,0
DA:65,0
DA:67,0
DA:70,0
DA:71,0
DA:72,0
DA:75,0
DA:76,0
DA:77,0
DA:78,0
DA:81,0
DA:82,0
DA:83,0
DA:84,0
DA:85,0
DA:90,0
DA:91,0
DA:92,0
DA:93,0
DA:94,0
DA:98,0
DA:99,0
DA:106,0
DA:108,0
DA:109,0
LF:54
LH:9
end_of_record
SF:lib/controllers/planning_controller.dart
DA:8,2
DA:10,2
DA:20,4
DA:21,4
DA:22,4
DA:23,2
DA:24,4
DA:27,1
DA:28,2
DA:29,1
DA:30,2
DA:31,1
DA:32,0
DA:34,1
DA:35,4
DA:36,3
DA:37,3
DA:38,2
DA:43,2
DA:44,2
DA:45,2
DA:46,4
DA:47,2
DA:48,2
DA:49,2
DA:50,2
DA:52,0
DA:59,2
DA:60,4
DA:63,4
DA:64,2
DA:65,2
DA:68,4
LF:33
LH:31
end_of_record
SF:lib/main.dart
DA:3,0
DA:4,0
DA:5,0
DA:6,0
DA:7,0
DA:8,0
DA:12,0
DA:14,0
DA:16,0
DA:17,0
DA:18,0
DA:20,0
LF:12
LH:0
end_of_record
SF:lib/screens/login_screen.dart
DA:4,0
DA:6,0
DA:7,0
DA:8,0
DA:9,0
DA:10,0
DA:12,0
DA:13,0
DA:14,0
DA:16,0
DA:21,0
DA:22,0
DA:23,0
DA:25,0
DA:27,0
DA:31,0
DA:32,0
DA:33,0
DA:35,0
DA:37,0
DA:38,0
DA:39,0
DA:40,0
DA:41,0
DA:42,0
DA:49,0
DA:50,0
DA:51,0
DA:55,0
DA:59,0
DA:60,0
DA:62,0
DA:63,0
DA:64,0
DA:65,0
DA:69,0
DA:70,0
DA:73,0
DA:74,0
DA:75,0
DA:76,0
DA:85,0
DA:86,0
DA:87,0
DA:88,0
DA:89,0
LF:46
LH:0
end_of_record
SF:lib/widgets/calendar.dart
DA:4,0
DA:6,0
DA:7,0
DA:13,0
DA:15,0
DA:16,0
DA:17,0
DA:20,0
DA:22,0
DA:23,0
DA:26,0
DA:27,0
DA:28,0
DA:31,0
DA:33,0
DA:35,0
DA:37,0
DA:38,0
DA:39,0
DA:42,0
LF:20
LH:0
end_of_record
SF:lib/widgets/planning_panel.dart
DA:5,0
DA:7,0
DA:8,0
DA:9,0
DA:10,0
DA:11,0
DA:12,0
DA:17,0
DA:19,0
DA:20,0
DA:21,0
DA:22,0
DA:23,0
LF:13
LH:0
end_of_record
SF:lib/screens/map_screen.dart
DA:4,0
DA:6,0
DA:7,0
DA:8,0
DA:11,0
DA:12,0
DA:14,0
DA:17,0
DA:18,0
DA:19,0
DA:22,0
DA:23,0
DA:24,0
DA:27,0
DA:28,0
LF:15
LH:0
end_of_record
SF:lib/screens/planning_screen.dart
DA:4,0
DA:6,0
DA:7,0
DA:9,0
DA:11,0
DA:12,0
DA:13,0
DA:14,0
DA:20,0
DA:21,0
DA:22,0
DA:23,0
DA:24,0
DA:25,0
DA:26,0
DA:31,0
DA:32,0
DA:33,0
DA:34,0
LF:19
LH:0
end_of_record
SF:lib/services/cloud_function_tools.dart
DA:5,0
DA:7,0
DA:8,0
DA:11,0
DA:13,0
DA:16,0
DA:20,0
DA:24,0
DA:27,0
DA:29,0
DA:32,0
DA:34,0
DA:36,0
DA:37,0
LF:14
LH:0
end_of_record
SF:lib/services/app_config.dart
DA:8,1
DA:10,1
DA:12,4
DA:13,1
DA:14,1
DA:16,0
DA:17,0
DA:19,1
DA:20,1
LF:9
LH:7
end_of_record
SF:lib/models/trip.dart
DA:6,2
DA:8,4
DA:9,4
DA:10,6
DA:11,2
DA:12,2
DA:14,0
DA:15,0
LF:8
LH:6
end_of_record
SF:lib/models/stop.dart
DA:7,2
DA:9,2
DA:10,8
DA:11,4
DA:12,4
DA:13,2
DA:15,0
DA:16,0
LF:8
LH:6
end_of_record
SF:lib/models/schedule.dart
DA:8,2
DA:10,4
DA:11,4
DA:12,4
DA:13,10
DA:14,2
DA:15,6
DA:16,2
DA:18,0
DA:19,0
LF:10
LH:8
end_of_record
SF:lib/models/planning.dart
DA:9,2
DA:11,4
DA:12,8
DA:13,4
DA:14,4
DA:15,4
DA:16,6
DA:17,2
DA:18,6
DA:19,4
DA:21,2
DA:22,6
DA:23,2
DA:25,0
DA:26,0
LF:15
LH:13
end_of_record
SF:lib/widgets/planning_list_entry.dart
DA:6,0
DA:8,0
DA:10,0
DA:11,0
DA:12,0
DA:13,0
DA:16,0
DA:17,0
DA:18,0
LF:9
LH:0
end_of_record
